TN:
SF:/Users/yize/github/uxcore/uxcore-timeline/src/index.js
FN:11,_interopRequireDefault
FNF:1
FNH:1
FNDA:1,_interopRequireDefault
DA:3,1
DA:7,1
DA:9,1
DA:11,1
DA:13,1
DA:21,1
LF:6
LH:6
BRDA:11,1,0,0
BRDA:11,1,1,1
BRDA:11,2,0,1
BRDA:11,2,1,1
BRF:4
BRH:3
end_of_record
TN:
SF:/Users/yize/github/uxcore/uxcore-timeline/src/Timeline.jsx
FN:23,_interopRequireDefault
FN:25,_defaults
FN:27,_defineProperty
FN:29,_classCallCheck
FN:31,_possibleConstructorReturn
FN:33,_inherits
FN:42,(anonymous_7)
FN:45,Timeline
FN:56,render
FN:69,(anonymous_10)
FNF:10
FNH:9
FNDA:4,_interopRequireDefault
FNDA:0,_defaults
FNDA:4,_defineProperty
FNDA:2,_classCallCheck
FNDA:2,_possibleConstructorReturn
FNDA:1,_inherits
FNDA:1,(anonymous_7)
FNDA:2,Timeline
FNDA:2,render
FNDA:3,(anonymous_10)
DA:3,1
DA:7,1
DA:9,1
DA:11,1
DA:13,1
DA:15,1
DA:17,1
DA:19,1
DA:21,1
DA:23,4
DA:25,1
DA:27,4
DA:29,2
DA:31,2
DA:33,1
DA:42,1
DA:43,1
DA:45,1
DA:46,2
DA:48,2
DA:50,2
DA:53,2
DA:56,1
DA:57,2
DA:60,2
DA:61,2
DA:62,2
DA:63,2
DA:70,3
DA:83,1
DA:86,1
DA:90,1
DA:96,1
DA:97,1
DA:98,1
DA:99,1
LF:36
LH:36
BRDA:23,1,0,0
BRDA:23,1,1,4
BRDA:23,2,0,4
BRDA:23,2,1,4
BRDA:25,3,0,0
BRDA:25,3,1,0
BRDA:25,4,0,0
BRDA:25,4,1,0
BRDA:25,4,2,0
BRDA:27,5,0,0
BRDA:27,5,1,4
BRDA:29,6,0,0
BRDA:29,6,1,2
BRDA:31,7,0,0
BRDA:31,7,1,2
BRDA:31,8,0,0
BRDA:31,8,1,2
BRDA:31,9,0,2
BRDA:31,9,1,0
BRDA:31,9,2,0
BRDA:33,10,0,0
BRDA:33,10,1,1
BRDA:33,11,0,1
BRDA:33,11,1,0
BRDA:33,12,0,1
BRDA:33,12,1,1
BRDA:33,13,0,1
BRDA:33,13,1,0
BRDA:33,14,0,1
BRDA:33,14,1,0
BRDA:68,15,0,1
BRDA:68,15,1,1
BRDA:74,16,0,1
BRDA:74,16,1,1
BRF:34
BRH:18
end_of_record
TN:
SF:/Users/yize/github/uxcore/uxcore-timeline/src/TimelineItem.jsx
FN:19,_interopRequireDefault
FN:21,_defaults
FN:23,_defineProperty
FN:25,_classCallCheck
FN:27,_possibleConstructorReturn
FN:29,_inherits
FN:38,(anonymous_7)
FN:41,TimelineItem
FN:52,render
FNF:9
FNH:8
FNDA:3,_interopRequireDefault
FNDA:0,_defaults
FNDA:32,_defineProperty
FNDA:4,_classCallCheck
FNDA:4,_possibleConstructorReturn
FNDA:1,_inherits
FNDA:1,(anonymous_7)
FNDA:4,TimelineItem
FNDA:4,render
DA:3,1
DA:7,1
DA:9,1
DA:11,1
DA:13,1
DA:15,1
DA:17,1
DA:19,3
DA:21,1
DA:23,32
DA:25,4
DA:27,4
DA:29,1
DA:38,1
DA:39,1
DA:41,1
DA:42,4
DA:44,4
DA:46,4
DA:49,4
DA:52,1
DA:53,4
DA:55,4
DA:56,4
DA:58,4
DA:60,4
DA:97,1
DA:100,1
DA:101,1
DA:111,1
DA:123,1
DA:124,1
LF:32
LH:32
BRDA:19,1,0,0
BRDA:19,1,1,3
BRDA:19,2,0,3
BRDA:19,2,1,3
BRDA:21,3,0,0
BRDA:21,3,1,0
BRDA:21,4,0,0
BRDA:21,4,1,0
BRDA:21,4,2,0
BRDA:23,5,0,0
BRDA:23,5,1,32
BRDA:25,6,0,0
BRDA:25,6,1,4
BRDA:27,7,0,0
BRDA:27,7,1,4
BRDA:27,8,0,0
BRDA:27,8,1,4
BRDA:27,9,0,4
BRDA:27,9,1,0
BRDA:27,9,2,0
BRDA:29,10,0,0
BRDA:29,10,1,1
BRDA:29,11,0,1
BRDA:29,11,1,0
BRDA:29,12,0,1
BRDA:29,12,1,1
BRDA:29,13,0,1
BRDA:29,13,1,0
BRDA:29,14,0,1
BRDA:29,14,1,0
BRDA:66,15,0,4
BRDA:66,15,1,3
BRDA:74,16,0,4
BRDA:74,16,1,3
BRDA:79,17,0,3
BRDA:79,17,1,1
BRDA:84,18,0,3
BRDA:84,18,1,3
BRF:38
BRH:22
end_of_record
